0 info it worked if it ends with ok
1 verbose cli [ '/Users/steve/.nvm/v0.10.30/bin/node',
1 verbose cli   '/Users/steve/.nvm/v0.10.30/bin/npm',
1 verbose cli   'run',
1 verbose cli   'dev' ]
2 info using npm@1.4.21
3 info using node@v0.10.30
4 error Error: ENOENT, open '/Users/steve/Projects/riot-webpack/src/package.json'
5 error If you need help, you may report this *entire* log,
5 error including the npm and node versions, at:
5 error     <http://github.com/npm/npm/issues>
6 error System Darwin 15.5.0
7 error command "/Users/steve/.nvm/v0.10.30/bin/node" "/Users/steve/.nvm/v0.10.30/bin/npm" "run" "dev"
8 error cwd /Users/steve/Projects/riot-webpack/src
9 error node -v v0.10.30
10 error npm -v 1.4.21
11 error path /Users/steve/Projects/riot-webpack/src/package.json
12 error code ENOENT
13 error errno 34
14 verbose exit [ 34, true ]
